{"level":"info","message":"🚀 Campaign Service running on port 3002","service":"campaign-service","timestamp":"2025-12-19 06:02:43"}
{"level":"info","message":"📝 Environment: development","service":"campaign-service","timestamp":"2025-12-19 06:02:43"}
{"level":"info","message":"GET /health","service":"campaign-service","timestamp":"2025-12-19 06:03:06"}
{"level":"info","message":"GET /favicon.ico","service":"campaign-service","timestamp":"2025-12-19 06:03:08"}
{"level":"info","message":"GET /health","service":"campaign-service","timestamp":"2025-12-19 06:05:55"}
{"level":"info","message":"GET /","service":"campaign-service","timestamp":"2025-12-19 06:06:02"}
{"level":"info","message":"GET /campaign","service":"campaign-service","timestamp":"2025-12-19 06:06:09"}
{"level":"info","message":"GET /campaign","service":"campaign-service","timestamp":"2025-12-19 06:06:16"}
{"level":"info","message":"GET /api/campaigns","service":"campaign-service","timestamp":"2025-12-19 06:06:21"}
{"level":"info","message":"GET /campaigns","service":"campaign-service","timestamp":"2025-12-19 06:06:31"}
{"level":"info","message":"GET /campaigns","service":"campaign-service","timestamp":"2025-12-19 06:06:36"}
{"level":"info","message":"POST /api/campaigns","service":"campaign-service","timestamp":"2025-12-19 06:06:48"}
{"level":"info","message":"Campaign created: 01d366e5-6130-4675-8913-788c7fa46fb4","service":"campaign-service","timestamp":"2025-12-19 06:06:48"}
{"level":"info","message":"GET /api/campaigns/eeee1111-eeee-eeee-eeee-eeeeeeeeeeee","service":"campaign-service","timestamp":"2025-12-19 06:07:14"}
{"level":"info","message":"GET /api/campaigns/","service":"campaign-service","timestamp":"2025-12-19 06:07:20"}
{"level":"info","message":"POST /api/campaigns/eeee1111-eeee-eeee-eeee-eeeeeeeeeeee/contribute","service":"campaign-service","timestamp":"2025-12-19 06:07:27"}
{"level":"info","message":"SIGTERM received, shutting down gracefully...","service":"campaign-service","timestamp":"2025-12-19 06:07:41"}
{"level":"info","message":"🚀 Campaign Service running on port 3002","service":"campaign-service","timestamp":"2025-12-19 06:07:41"}
{"level":"info","message":"📝 Environment: development","service":"campaign-service","timestamp":"2025-12-19 06:07:41"}
{"level":"info","message":"SIGTERM received, shutting down gracefully...","service":"campaign-service","timestamp":"2025-12-19 06:07:44"}
{"level":"info","message":"🚀 Campaign Service running on port 3002","service":"campaign-service","timestamp":"2025-12-19 06:07:44"}
{"level":"info","message":"📝 Environment: development","service":"campaign-service","timestamp":"2025-12-19 06:07:44"}
{"level":"info","message":"SIGTERM received, shutting down gracefully...","service":"campaign-service","timestamp":"2025-12-19 06:07:46"}
{"level":"info","message":"🚀 Campaign Service running on port 3002","service":"campaign-service","timestamp":"2025-12-19 06:07:46"}
{"level":"info","message":"📝 Environment: development","service":"campaign-service","timestamp":"2025-12-19 06:07:46"}
{"level":"info","message":"SIGTERM received, shutting down gracefully...","service":"campaign-service","timestamp":"2025-12-19 06:07:49"}
{"level":"info","message":"🚀 Campaign Service running on port 3002","service":"campaign-service","timestamp":"2025-12-19 06:07:49"}
{"level":"info","message":"📝 Environment: development","service":"campaign-service","timestamp":"2025-12-19 06:07:49"}
{"level":"info","message":"SIGTERM received, shutting down gracefully...","service":"campaign-service","timestamp":"2025-12-19 06:08:01"}
{"level":"info","message":"🚀 Campaign Service running on port 3002","service":"campaign-service","timestamp":"2025-12-19 06:08:02"}
{"level":"info","message":"📝 Environment: development","service":"campaign-service","timestamp":"2025-12-19 06:08:02"}
{"level":"info","message":"GET /api/campaigns/","service":"campaign-service","timestamp":"2025-12-19 06:21:59"}
{"level":"info","message":"GET /api/campaigns","service":"campaign-service","timestamp":"2025-12-19 06:24:33"}
{"level":"info","message":"GET /api/campaigns","service":"campaign-service","timestamp":"2025-12-19 06:24:43"}
{"level":"info","message":"GET /health","service":"campaign-service","timestamp":"2025-12-19 06:26:17"}
{"level":"info","message":"GET /api/campaigns","service":"campaign-service","timestamp":"2025-12-19 06:26:54"}
{"level":"info","message":"GET /api/campaigns","service":"campaign-service","timestamp":"2025-12-19 06:30:35"}
{"level":"info","message":"GET /api/campaigns","service":"campaign-service","timestamp":"2025-12-19 06:35:01"}
{"level":"info","message":"GET /api/campaigns","service":"campaign-service","timestamp":"2025-12-19 06:38:35"}
{"level":"info","message":"GET /api/campaigns","service":"campaign-service","timestamp":"2025-12-19 06:57:14"}
{"level":"info","message":"POST /api/campaigns/eeee1111-eeee-eeee-eeee-eeeeeeeeeeee/contribute","service":"campaign-service","timestamp":"2025-12-19 06:57:40"}
{"level":"info","message":"Contribution added to campaign eeee1111-eeee-eeee-eeee-eeeeeeeeeeee: 3000","service":"campaign-service","timestamp":"2025-12-19 06:57:41"}
{"level":"info","message":"GET /api/campaigns","service":"campaign-service","timestamp":"2025-12-19 06:57:41"}
{"level":"info","message":"GET /api/campaigns","service":"campaign-service","timestamp":"2025-12-19 06:57:43"}
{"level":"info","message":"POST /api/campaigns/eeee3333-eeee-eeee-eeee-eeeeeeeeeeee/contribute","service":"campaign-service","timestamp":"2025-12-19 06:58:31"}
{"level":"info","message":"Contribution added to campaign eeee3333-eeee-eeee-eeee-eeeeeeeeeeee: 2000","service":"campaign-service","timestamp":"2025-12-19 06:58:32"}
{"level":"info","message":"GET /api/campaigns","service":"campaign-service","timestamp":"2025-12-19 06:58:32"}
{"level":"info","message":"GET /api/campaigns","service":"campaign-service","timestamp":"2025-12-19 06:58:36"}
{"level":"info","message":"GET /api/campaigns","service":"campaign-service","timestamp":"2025-12-19 06:59:08"}
{"level":"info","message":"GET /api/campaigns","service":"campaign-service","timestamp":"2025-12-19 07:08:56"}
{"level":"info","message":"GET /api/campaigns","service":"campaign-service","timestamp":"2025-12-19 07:16:08"}
{"level":"info","message":"GET /api/campaigns","service":"campaign-service","timestamp":"2025-12-19 07:26:45"}
{"level":"info","message":"GET /api/campaigns","service":"campaign-service","timestamp":"2025-12-19 07:32:21"}
{"level":"info","message":"GET /api/campaigns","service":"campaign-service","timestamp":"2025-12-19 07:32:41"}
{"level":"info","message":"PUT /api/campaigns/01d366e5-6130-4675-8913-788c7fa46fb4","service":"campaign-service","timestamp":"2025-12-19 07:32:44"}
{"level":"info","message":"Campaign updated: 01d366e5-6130-4675-8913-788c7fa46fb4","service":"campaign-service","timestamp":"2025-12-19 07:32:44"}
{"level":"info","message":"GET /api/campaigns","service":"campaign-service","timestamp":"2025-12-19 07:32:44"}
{"level":"info","message":"GET /api/campaigns","service":"campaign-service","timestamp":"2025-12-19 07:33:21"}
{"level":"info","message":"GET /api/campaigns","service":"campaign-service","timestamp":"2025-12-19 07:33:40"}
{"level":"info","message":"GET /api/campaigns","service":"campaign-service","timestamp":"2025-12-19 07:34:08"}
{"level":"info","message":"GET /api/campaigns","service":"campaign-service","timestamp":"2025-12-19 07:39:13"}
{"level":"info","message":"POST /api/campaigns","service":"campaign-service","timestamp":"2025-12-19 07:40:11"}
{"level":"info","message":"Campaign created: df4efec0-e450-4298-8241-5d0b8d604040","service":"campaign-service","timestamp":"2025-12-19 07:40:12"}
{"level":"info","message":"GET /api/campaigns","service":"campaign-service","timestamp":"2025-12-19 07:40:17"}
{"level":"info","message":"GET /api/campaigns","service":"campaign-service","timestamp":"2025-12-19 07:40:35"}
{"level":"info","message":"GET /api/campaigns","service":"campaign-service","timestamp":"2025-12-19 07:40:56"}
{"level":"info","message":"PUT /api/campaigns/df4efec0-e450-4298-8241-5d0b8d604040","service":"campaign-service","timestamp":"2025-12-19 07:41:02"}
{"level":"info","message":"Campaign updated: df4efec0-e450-4298-8241-5d0b8d604040","service":"campaign-service","timestamp":"2025-12-19 07:41:03"}
{"level":"info","message":"GET /api/campaigns","service":"campaign-service","timestamp":"2025-12-19 07:41:03"}
{"level":"info","message":"GET /api/campaigns","service":"campaign-service","timestamp":"2025-12-19 07:41:38"}
{"level":"info","message":"GET /api/campaigns","service":"campaign-service","timestamp":"2025-12-19 07:41:40"}
{"level":"info","message":"GET /api/campaigns","service":"campaign-service","timestamp":"2025-12-19 07:42:12"}
{"level":"info","message":"GET /api/campaigns","service":"campaign-service","timestamp":"2025-12-19 07:42:52"}
{"level":"info","message":"GET /api/campaigns","service":"campaign-service","timestamp":"2025-12-19 07:42:53"}
{"level":"info","message":"GET /api/campaigns","service":"campaign-service","timestamp":"2025-12-19 07:43:40"}
{"level":"info","message":"GET /api/campaigns","service":"campaign-service","timestamp":"2025-12-19 07:44:05"}
{"level":"info","message":"GET /api/campaigns","service":"campaign-service","timestamp":"2025-12-19 07:44:06"}
{"level":"info","message":"GET /api/campaigns","service":"campaign-service","timestamp":"2025-12-19 07:47:29"}
{"level":"info","message":"GET /api/campaigns","service":"campaign-service","timestamp":"2025-12-19 07:47:43"}
{"level":"info","message":"GET /api/campaigns","service":"campaign-service","timestamp":"2025-12-19 07:47:44"}
{"level":"info","message":"POST /api/campaigns/df4efec0-e450-4298-8241-5d0b8d604040/contribute","service":"campaign-service","timestamp":"2025-12-19 07:48:22"}
{"level":"info","message":"Contribution added to campaign df4efec0-e450-4298-8241-5d0b8d604040: 2072","service":"campaign-service","timestamp":"2025-12-19 07:48:24"}
{"level":"info","message":"GET /api/campaigns","service":"campaign-service","timestamp":"2025-12-19 07:48:24"}
{"level":"info","message":"SIGTERM received, shutting down gracefully...","service":"campaign-service","timestamp":"2025-12-19 08:23:45"}
{"level":"info","message":"🚀 Campaign Service running on port 3002","service":"campaign-service","timestamp":"2025-12-19 08:23:46"}
{"level":"info","message":"📝 Environment: development","service":"campaign-service","timestamp":"2025-12-19 08:23:46"}
{"level":"info","message":"SIGTERM received, shutting down gracefully...","service":"campaign-service","timestamp":"2025-12-19 08:23:52"}
{"level":"info","message":"📚 Swagger UI available at /api-docs","service":"campaign-service","timestamp":"2025-12-19 08:23:53"}
{"level":"info","message":"🚀 Campaign Service running on port 3002","service":"campaign-service","timestamp":"2025-12-19 08:23:53"}
{"level":"info","message":"📝 Environment: development","service":"campaign-service","timestamp":"2025-12-19 08:23:53"}
{"level":"info","message":"SIGTERM received, shutting down gracefully...","service":"campaign-service","timestamp":"2025-12-19 08:23:55"}
{"level":"info","message":"📚 Swagger UI available at /api-docs","service":"campaign-service","timestamp":"2025-12-19 08:23:57"}
{"level":"info","message":"🚀 Campaign Service running on port 3002","service":"campaign-service","timestamp":"2025-12-19 08:23:57"}
{"level":"info","message":"📝 Environment: development","service":"campaign-service","timestamp":"2025-12-19 08:23:57"}
{"level":"info","message":"SIGTERM received, shutting down gracefully...","service":"campaign-service","timestamp":"2025-12-19 08:24:19"}
{"level":"info","message":"📚 Swagger UI available at /api-docs","service":"campaign-service","timestamp":"2025-12-19 08:24:20"}
{"level":"info","message":"🚀 Campaign Service running on port 3002","service":"campaign-service","timestamp":"2025-12-19 08:24:20"}
{"level":"info","message":"📝 Environment: development","service":"campaign-service","timestamp":"2025-12-19 08:24:20"}
{"level":"info","message":"SIGTERM received, shutting down gracefully...","service":"campaign-service","timestamp":"2025-12-19 08:24:58"}
{"level":"info","message":"📄 Attempting to load Swagger from: /Users/temesgengetye/Desktop/Doantion/microservices/campaign-service/swagger.yaml","service":"campaign-service","timestamp":"2025-12-19 08:41:23"}
{"level":"info","message":"📚 Swagger UI available at /api-docs","service":"campaign-service","timestamp":"2025-12-19 08:41:23"}
{"level":"info","message":"✅ Swagger file loaded successfully from: /Users/temesgengetye/Desktop/Doantion/microservices/campaign-service/swagger.yaml","service":"campaign-service","timestamp":"2025-12-19 08:41:23"}
{"level":"info","message":"🚀 Campaign Service running on port 3002","service":"campaign-service","timestamp":"2025-12-19 08:41:23"}
{"level":"info","message":"📝 Environment: development","service":"campaign-service","timestamp":"2025-12-19 08:41:23"}
{"level":"info","message":"SIGTERM received, shutting down gracefully...","service":"campaign-service","timestamp":"2025-12-19 08:41:35"}
{"level":"info","message":"📄 Attempting to load Swagger from: /Users/temesgengetye/Desktop/Doantion/microservices/campaign-service/swagger.yaml","service":"campaign-service","timestamp":"2025-12-19 08:43:02"}
{"level":"info","message":"📚 Swagger UI available at /api-docs","service":"campaign-service","timestamp":"2025-12-19 08:43:02"}
{"level":"info","message":"✅ Swagger file loaded successfully from: /Users/temesgengetye/Desktop/Doantion/microservices/campaign-service/swagger.yaml","service":"campaign-service","timestamp":"2025-12-19 08:43:02"}
{"level":"info","message":"🚀 Campaign Service running on port 3002","service":"campaign-service","timestamp":"2025-12-19 08:43:02"}
{"level":"info","message":"📝 Environment: development","service":"campaign-service","timestamp":"2025-12-19 08:43:02"}
{"level":"info","message":"SIGTERM received, shutting down gracefully...","service":"campaign-service","timestamp":"2025-12-19 08:43:15"}
{"level":"info","message":"📄 Attempting to load Swagger from: /Users/temesgengetye/Desktop/Doantion/microservices/campaign-service/swagger.yaml","service":"campaign-service","timestamp":"2025-12-19 08:51:12"}
{"level":"info","message":"📚 Swagger UI available at /api-docs","service":"campaign-service","timestamp":"2025-12-19 08:51:12"}
{"level":"info","message":"✅ Swagger file loaded successfully from: /Users/temesgengetye/Desktop/Doantion/microservices/campaign-service/swagger.yaml","service":"campaign-service","timestamp":"2025-12-19 08:51:12"}
{"level":"info","message":"🚀 Campaign Service running on port 3002","service":"campaign-service","timestamp":"2025-12-19 08:51:12"}
{"level":"info","message":"📝 Environment: development","service":"campaign-service","timestamp":"2025-12-19 08:51:12"}
{"level":"info","message":"GET /api/campaigns/","service":"campaign-service","timestamp":"2025-12-19 08:51:16"}
{"level":"info","message":"GET /api-docs/","service":"campaign-service","timestamp":"2025-12-19 08:51:31"}
{"level":"info","message":"GET /api-docs/swagger-ui.css","service":"campaign-service","timestamp":"2025-12-19 08:51:31"}
{"level":"info","message":"GET /api-docs/swagger-ui-bundle.js","service":"campaign-service","timestamp":"2025-12-19 08:51:31"}
{"level":"info","message":"GET /api-docs/swagger-ui-standalone-preset.js","service":"campaign-service","timestamp":"2025-12-19 08:51:31"}
{"level":"info","message":"GET /api-docs/swagger-ui-init.js","service":"campaign-service","timestamp":"2025-12-19 08:51:31"}
{"level":"info","message":"GET /api-docs/favicon-32x32.png","service":"campaign-service","timestamp":"2025-12-19 08:51:31"}
{"level":"info","message":"SIGTERM received, shutting down gracefully...","service":"campaign-service","timestamp":"2025-12-19 22:43:18"}
{"level":"info","message":"📄 Attempting to load Swagger from: /Users/temesgengetye/Desktop/Doantion/microservices/campaign-service/swagger.yaml","service":"campaign-service","timestamp":"2025-12-19 22:43:22"}
{"level":"info","message":"📚 Swagger UI available at /api-docs","service":"campaign-service","timestamp":"2025-12-19 22:43:22"}
{"level":"info","message":"✅ Swagger file loaded successfully from: /Users/temesgengetye/Desktop/Doantion/microservices/campaign-service/swagger.yaml","service":"campaign-service","timestamp":"2025-12-19 22:43:22"}
{"level":"info","message":"🚀 Campaign Service running on port 3002","service":"campaign-service","timestamp":"2025-12-19 22:43:22"}
{"level":"info","message":"📝 Environment: development","service":"campaign-service","timestamp":"2025-12-19 22:43:22"}
{"level":"info","message":"SIGTERM received, shutting down gracefully...","service":"campaign-service","timestamp":"2025-12-19 22:43:26"}
{"level":"info","message":"📄 Attempting to load Swagger from: /Users/temesgengetye/Desktop/Doantion/microservices/campaign-service/swagger.yaml","service":"campaign-service","timestamp":"2025-12-19 22:43:28"}
{"level":"info","message":"📚 Swagger UI available at /api-docs","service":"campaign-service","timestamp":"2025-12-19 22:43:28"}
{"level":"info","message":"✅ Swagger file loaded successfully from: /Users/temesgengetye/Desktop/Doantion/microservices/campaign-service/swagger.yaml","service":"campaign-service","timestamp":"2025-12-19 22:43:28"}
{"level":"info","message":"🚀 Campaign Service running on port 3002","service":"campaign-service","timestamp":"2025-12-19 22:43:28"}
{"level":"info","message":"📝 Environment: development","service":"campaign-service","timestamp":"2025-12-19 22:43:28"}
{"level":"info","message":"SIGTERM received, shutting down gracefully...","service":"campaign-service","timestamp":"2025-12-19 22:43:36"}
{"level":"info","message":"📄 Attempting to load Swagger from: /Users/temesgengetye/Desktop/Doantion/microservices/campaign-service/swagger.yaml","service":"campaign-service","timestamp":"2025-12-19 22:43:38"}
{"level":"info","message":"📚 Swagger UI available at /api-docs","service":"campaign-service","timestamp":"2025-12-19 22:43:38"}
{"level":"info","message":"✅ Swagger file loaded successfully from: /Users/temesgengetye/Desktop/Doantion/microservices/campaign-service/swagger.yaml","service":"campaign-service","timestamp":"2025-12-19 22:43:38"}
{"level":"info","message":"🚀 Campaign Service running on port 3002","service":"campaign-service","timestamp":"2025-12-19 22:43:38"}
{"level":"info","message":"📝 Environment: development","service":"campaign-service","timestamp":"2025-12-19 22:43:38"}
{"level":"info","message":"SIGTERM received, shutting down gracefully...","service":"campaign-service","timestamp":"2025-12-19 22:44:59"}
{"level":"info","message":"📄 Attempting to load Swagger from: /Users/temesgengetye/Desktop/Doantion/microservices/campaign-service/swagger.yaml","service":"campaign-service","timestamp":"2025-12-19 22:45:02"}
{"level":"info","message":"📚 Swagger UI available at /api-docs","service":"campaign-service","timestamp":"2025-12-19 22:45:02"}
{"level":"info","message":"✅ Swagger file loaded successfully from: /Users/temesgengetye/Desktop/Doantion/microservices/campaign-service/swagger.yaml","service":"campaign-service","timestamp":"2025-12-19 22:45:02"}
{"level":"info","message":"🚀 Campaign Service running on port 3002","service":"campaign-service","timestamp":"2025-12-19 22:45:02"}
{"level":"info","message":"📝 Environment: development","service":"campaign-service","timestamp":"2025-12-19 22:45:02"}
{"level":"info","message":"SIGTERM received, shutting down gracefully...","service":"campaign-service","timestamp":"2025-12-19 22:48:45"}
{"level":"info","message":"📄 Attempting to load Swagger from: /Users/temesgengetye/Desktop/Doantion/microservices/campaign-service/swagger.yaml","service":"campaign-service","timestamp":"2025-12-19 22:48:46"}
{"level":"info","message":"📚 Swagger UI available at /api-docs","service":"campaign-service","timestamp":"2025-12-19 22:48:46"}
{"level":"info","message":"✅ Swagger file loaded successfully from: /Users/temesgengetye/Desktop/Doantion/microservices/campaign-service/swagger.yaml","service":"campaign-service","timestamp":"2025-12-19 22:48:46"}
{"level":"info","message":"🚀 Campaign Service running on port 3002","service":"campaign-service","timestamp":"2025-12-19 22:48:46"}
{"level":"info","message":"📝 Environment: development","service":"campaign-service","timestamp":"2025-12-19 22:48:46"}
{"level":"info","message":"SIGTERM received, shutting down gracefully...","service":"campaign-service","timestamp":"2025-12-19 22:49:35"}
{"level":"info","message":"📄 Attempting to load Swagger from: /Users/temesgengetye/Desktop/Doantion/microservices/campaign-service/swagger.yaml","service":"campaign-service","timestamp":"2025-12-19 22:49:39"}
{"level":"info","message":"📚 Swagger UI available at /api-docs","service":"campaign-service","timestamp":"2025-12-19 22:49:40"}
{"level":"info","message":"✅ Swagger file loaded successfully from: /Users/temesgengetye/Desktop/Doantion/microservices/campaign-service/swagger.yaml","service":"campaign-service","timestamp":"2025-12-19 22:49:40"}
{"level":"info","message":"🚀 Campaign Service running on port 3002","service":"campaign-service","timestamp":"2025-12-19 22:49:41"}
{"level":"info","message":"📝 Environment: development","service":"campaign-service","timestamp":"2025-12-19 22:49:41"}
{"level":"info","message":"SIGTERM received, shutting down gracefully...","service":"campaign-service","timestamp":"2025-12-19 22:57:06"}
{"level":"info","message":"📄 Attempting to load Swagger from: /Users/temesgengetye/Desktop/Doantion/microservices/campaign-service/swagger.yaml","service":"campaign-service","timestamp":"2025-12-19 22:57:13"}
{"level":"info","message":"📚 Swagger UI available at /api-docs","service":"campaign-service","timestamp":"2025-12-19 22:57:13"}
{"level":"info","message":"✅ Swagger file loaded successfully from: /Users/temesgengetye/Desktop/Doantion/microservices/campaign-service/swagger.yaml","service":"campaign-service","timestamp":"2025-12-19 22:57:13"}
{"level":"info","message":"🚀 Campaign Service running on port 3002","service":"campaign-service","timestamp":"2025-12-19 22:57:14"}
{"level":"info","message":"📝 Environment: development","service":"campaign-service","timestamp":"2025-12-19 22:57:14"}
{"level":"info","message":"SIGTERM received, shutting down gracefully...","service":"campaign-service","timestamp":"2025-12-19 22:57:31"}
{"level":"info","message":"📄 Attempting to load Swagger from: /Users/temesgengetye/Desktop/Doantion/microservices/campaign-service/swagger.yaml","service":"campaign-service","timestamp":"2025-12-19 22:57:38"}
{"level":"info","message":"📚 Swagger UI available at /api-docs","service":"campaign-service","timestamp":"2025-12-19 22:57:38"}
{"level":"info","message":"✅ Swagger file loaded successfully from: /Users/temesgengetye/Desktop/Doantion/microservices/campaign-service/swagger.yaml","service":"campaign-service","timestamp":"2025-12-19 22:57:38"}
{"level":"info","message":"🚀 Campaign Service running on port 3002","service":"campaign-service","timestamp":"2025-12-19 22:57:38"}
{"level":"info","message":"📝 Environment: development","service":"campaign-service","timestamp":"2025-12-19 22:57:38"}
{"level":"info","message":"SIGTERM received, shutting down gracefully...","service":"campaign-service","timestamp":"2025-12-19 22:59:55"}
{"level":"info","message":"📄 Attempting to load Swagger from: /Users/temesgengetye/Desktop/Doantion/microservices/campaign-service/swagger.yaml","service":"campaign-service","timestamp":"2025-12-19 22:59:59"}
{"level":"info","message":"📚 Swagger UI available at /api-docs","service":"campaign-service","timestamp":"2025-12-19 23:00:00"}
{"level":"info","message":"✅ Swagger file loaded successfully from: /Users/temesgengetye/Desktop/Doantion/microservices/campaign-service/swagger.yaml","service":"campaign-service","timestamp":"2025-12-19 23:00:00"}
{"level":"info","message":"🚀 Campaign Service running on port 3002","service":"campaign-service","timestamp":"2025-12-19 23:00:00"}
{"level":"info","message":"📝 Environment: development","service":"campaign-service","timestamp":"2025-12-19 23:00:00"}
{"level":"info","message":"GET /api-docs","service":"campaign-service","timestamp":"2025-12-20 11:52:38"}
{"level":"info","message":"GET /api-docs/","service":"campaign-service","timestamp":"2025-12-20 11:52:38"}
{"level":"info","message":"GET /api-docs/swagger-ui.css","service":"campaign-service","timestamp":"2025-12-20 11:52:38"}
{"level":"info","message":"GET /api-docs/swagger-ui-bundle.js","service":"campaign-service","timestamp":"2025-12-20 11:52:38"}
{"level":"info","message":"GET /api-docs/swagger-ui-standalone-preset.js","service":"campaign-service","timestamp":"2025-12-20 11:52:38"}
{"level":"info","message":"GET /api-docs/swagger-ui-init.js","service":"campaign-service","timestamp":"2025-12-20 11:52:38"}
{"level":"info","message":"GET /api-docs/favicon-32x32.png","service":"campaign-service","timestamp":"2025-12-20 11:52:38"}
{"level":"info","message":"GET /","service":"campaign-service","timestamp":"2025-12-20 11:53:40"}
{"level":"info","message":"GET /favicon.ico","service":"campaign-service","timestamp":"2025-12-20 11:53:40"}
{"level":"info","message":"GET /api/campaigns","service":"campaign-service","timestamp":"2025-12-20 12:09:24"}
{"level":"info","message":"POST /api/campaigns","service":"campaign-service","timestamp":"2025-12-20 12:11:25"}
{"level":"info","message":"Campaign created: 3226b460-7db3-45ab-a7bb-42fe12d6e14b","service":"campaign-service","timestamp":"2025-12-20 12:11:26"}
{"level":"info","message":"GET /api/campaigns","service":"campaign-service","timestamp":"2025-12-20 12:11:28"}
{"level":"info","message":"GET /api/campaigns","service":"campaign-service","timestamp":"2025-12-20 12:11:29"}
{"level":"info","message":"GET /api/campaigns","service":"campaign-service","timestamp":"2025-12-20 12:12:03"}
{"level":"info","message":"GET /api/campaigns","service":"campaign-service","timestamp":"2025-12-20 12:12:36"}
{"level":"info","message":"PUT /api/campaigns/3226b460-7db3-45ab-a7bb-42fe12d6e14b","service":"campaign-service","timestamp":"2025-12-20 12:12:42"}
{"level":"info","message":"Campaign updated: 3226b460-7db3-45ab-a7bb-42fe12d6e14b","service":"campaign-service","timestamp":"2025-12-20 12:12:44"}
{"level":"info","message":"GET /api/campaigns","service":"campaign-service","timestamp":"2025-12-20 12:12:44"}
{"level":"info","message":"GET /api/doantion","service":"campaign-service","timestamp":"2025-12-20 12:15:08"}
{"level":"info","message":"GET /api/doantions","service":"campaign-service","timestamp":"2025-12-20 12:15:12"}
{"level":"info","message":"GET /api/campaings","service":"campaign-service","timestamp":"2025-12-20 12:15:19"}
{"level":"info","message":"GET /api/campaings","service":"campaign-service","timestamp":"2025-12-20 12:15:43"}
{"level":"info","message":"GET /api/campaign","service":"campaign-service","timestamp":"2025-12-20 12:15:56"}
{"level":"info","message":"GET /api/campaigns","service":"campaign-service","timestamp":"2025-12-20 12:16:00"}
{"level":"info","message":"SIGTERM received, shutting down gracefully...","service":"campaign-service","timestamp":"2025-12-20 12:27:25"}
{"level":"info","message":"📄 Attempting to load Swagger from: /Users/temesgengetye/Desktop/Doantion/microservices/campaign-service/swagger.yaml","service":"campaign-service","timestamp":"2025-12-20 12:28:11"}
{"level":"info","message":"📚 Swagger UI available at /api-docs","service":"campaign-service","timestamp":"2025-12-20 12:28:11"}
{"level":"info","message":"✅ Swagger file loaded successfully from: /Users/temesgengetye/Desktop/Doantion/microservices/campaign-service/swagger.yaml","service":"campaign-service","timestamp":"2025-12-20 12:28:11"}
{"level":"info","message":"🚀 Campaign Service running on port 3002","service":"campaign-service","timestamp":"2025-12-20 12:28:11"}
{"level":"info","message":"📝 Environment: development","service":"campaign-service","timestamp":"2025-12-20 12:28:11"}
{"level":"info","message":"GET /api/campaigns","service":"campaign-service","timestamp":"2025-12-20 12:28:17"}
{"level":"info","message":"GET /api/campaigns","service":"campaign-service","timestamp":"2025-12-20 12:29:15"}
{"level":"info","message":"SIGTERM received, shutting down gracefully...","service":"campaign-service","timestamp":"2025-12-20 12:29:42"}
{"level":"info","message":"📄 Attempting to load Swagger from: /Users/temesgengetye/Desktop/Doantion/microservices/campaign-service/swagger.yaml","service":"campaign-service","timestamp":"2025-12-20 12:29:43"}
{"level":"info","message":"📚 Swagger UI available at /api-docs","service":"campaign-service","timestamp":"2025-12-20 12:29:43"}
{"level":"info","message":"✅ Swagger file loaded successfully from: /Users/temesgengetye/Desktop/Doantion/microservices/campaign-service/swagger.yaml","service":"campaign-service","timestamp":"2025-12-20 12:29:43"}
{"level":"info","message":"🚀 Campaign Service running on port 3002","service":"campaign-service","timestamp":"2025-12-20 12:29:44"}
{"level":"info","message":"📝 Environment: development","service":"campaign-service","timestamp":"2025-12-20 12:29:44"}
{"level":"info","message":"GET /api/campaigns","service":"campaign-service","timestamp":"2025-12-20 12:29:57"}
{"level":"info","message":"GET /api/campaigns","service":"campaign-service","timestamp":"2025-12-20 12:29:58"}
