{"level":"info","message":"🚀 Donation Service running on port 3001","service":"donation-service","timestamp":"2025-12-19 05:09:28"}
{"level":"info","message":"SIGTERM received, shutting down gracefully...","service":"donation-service","timestamp":"2025-12-19 05:09:28"}
{"level":"info","message":"📝 Environment: development","service":"donation-service","timestamp":"2025-12-19 05:09:28"}
{"level":"info","message":"SIGTERM received, shutting down gracefully...","service":"donation-service","timestamp":"2025-12-19 05:09:38"}
{"level":"info","message":"GET /health","service":"donation-service","timestamp":"2025-12-19 05:10:11"}
{"level":"info","message":"GET /","service":"donation-service","timestamp":"2025-12-19 05:10:19"}
{"level":"info","message":"GET /api/donations","service":"donation-service","timestamp":"2025-12-19 05:10:22"}
{"level":"info","message":"GET /health","service":"donation-service","timestamp":"2025-12-19 05:10:30"}
{"level":"info","message":"SIGTERM received, shutting down gracefully...","service":"donation-service","timestamp":"2025-12-19 05:10:30"}
{"level":"info","message":"🚀 Donation Service running on port 3001","service":"donation-service","timestamp":"2025-12-19 05:10:31"}
{"level":"info","message":"📝 Environment: development","service":"donation-service","timestamp":"2025-12-19 05:10:31"}
{"level":"info","message":"SIGTERM received, shutting down gracefully...","service":"donation-service","timestamp":"2025-12-19 05:10:31"}
{"level":"info","message":"SIGTERM received, shutting down gracefully...","service":"donation-service","timestamp":"2025-12-19 05:10:31"}
{"level":"info","message":"GET /health","service":"donation-service","timestamp":"2025-12-19 05:10:31"}
{"level":"info","message":"GET /favicon.ico","service":"donation-service","timestamp":"2025-12-19 05:10:32"}
{"level":"info","message":"GET /","service":"donation-service","timestamp":"2025-12-19 05:11:02"}
{"level":"info","message":"GET /api/donations","service":"donation-service","timestamp":"2025-12-19 05:11:54"}
{"level":"info","message":"POST /api/donations","service":"donation-service","timestamp":"2025-12-19 05:13:15"}
{"level":"info","message":"GET /api/donations","service":"donation-service","timestamp":"2025-12-19 05:13:41"}
{"level":"info","message":"GET /api/donations","service":"donation-service","timestamp":"2025-12-19 05:18:04"}
{"level":"info","message":"POST /api/donations","service":"donation-service","timestamp":"2025-12-19 05:18:21"}
{"level":"info","message":"GET /health","service":"donation-service","timestamp":"2025-12-19 05:19:07"}
{"level":"info","message":"GET /api/donations","service":"donation-service","timestamp":"2025-12-19 05:19:08"}
{"level":"info","message":"POST /api/donations","service":"donation-service","timestamp":"2025-12-19 05:19:08"}
{"level":"info","message":"GET /","service":"donation-service","timestamp":"2025-12-19 05:19:08"}
{"level":"info","message":"GET /health","service":"donation-service","timestamp":"2025-12-19 05:20:16"}
{"level":"info","message":"GET /api/donations","service":"donation-service","timestamp":"2025-12-19 05:20:27"}
{"level":"info","message":"POST /api/donations","service":"donation-service","timestamp":"2025-12-19 05:22:37"}
{"level":"info","message":"POST /api/donations","service":"donation-service","timestamp":"2025-12-19 05:23:58"}
{"level":"info","message":"GET /api/donations","service":"donation-service","timestamp":"2025-12-19 05:25:54"}
{"level":"info","message":"GET /favicon.ico","service":"donation-service","timestamp":"2025-12-19 05:25:55"}
{"level":"info","message":"GET /api/donations","service":"donation-service","timestamp":"2025-12-19 05:26:01"}
{"level":"info","message":"GET /api/donations","service":"donation-service","timestamp":"2025-12-19 05:26:33"}
{"level":"info","message":"GET /api/donations","service":"donation-service","timestamp":"2025-12-19 05:31:45"}
{"level":"info","message":"POST /api/donations","service":"donation-service","timestamp":"2025-12-19 05:32:17"}
{"level":"info","message":"SIGTERM received, shutting down gracefully...","service":"donation-service","timestamp":"2025-12-19 05:32:52"}
{"level":"info","message":"SIGTERM received, shutting down gracefully...","service":"donation-service","timestamp":"2025-12-19 05:32:53"}
{"level":"info","message":"SIGTERM received, shutting down gracefully...","service":"donation-service","timestamp":"2025-12-19 05:32:53"}
{"level":"info","message":"🚀 Donation Service running on port 3001","service":"donation-service","timestamp":"2025-12-19 05:32:53"}
{"level":"info","message":"📝 Environment: development","service":"donation-service","timestamp":"2025-12-19 05:32:53"}
{"level":"info","message":"SIGTERM received, shutting down gracefully...","service":"donation-service","timestamp":"2025-12-19 05:33:34"}
{"level":"info","message":"🚀 Donation Service running on port 3001","service":"donation-service","timestamp":"2025-12-19 05:33:35"}
{"level":"info","message":"📝 Environment: development","service":"donation-service","timestamp":"2025-12-19 05:33:35"}
{"level":"info","message":"SIGTERM received, shutting down gracefully...","service":"donation-service","timestamp":"2025-12-19 05:33:35"}
{"level":"info","message":"SIGTERM received, shutting down gracefully...","service":"donation-service","timestamp":"2025-12-19 05:33:35"}
{"level":"info","message":"SIGTERM received, shutting down gracefully...","service":"donation-service","timestamp":"2025-12-19 05:33:47"}
{"level":"info","message":"🚀 Donation Service running on port 3001","service":"donation-service","timestamp":"2025-12-19 05:33:48"}
{"level":"info","message":"📝 Environment: development","service":"donation-service","timestamp":"2025-12-19 05:33:48"}
{"level":"info","message":"SIGTERM received, shutting down gracefully...","service":"donation-service","timestamp":"2025-12-19 05:33:48"}
{"level":"info","message":"SIGTERM received, shutting down gracefully...","service":"donation-service","timestamp":"2025-12-19 05:33:48"}
{"level":"info","message":"POST /api/donations","service":"donation-service","timestamp":"2025-12-19 05:35:47"}
{"level":"info","message":"GET /api/donations","service":"donation-service","timestamp":"2025-12-19 05:36:06"}
{"level":"info","message":"POST /api/donations","service":"donation-service","timestamp":"2025-12-19 05:36:41"}
{"level":"info","message":"Donation created: 8c6d8238-f0e9-4997-a3a8-7106738375f0","service":"donation-service","timestamp":"2025-12-19 05:36:42"}
{"level":"info","message":"GET /api/donations","service":"donation-service","timestamp":"2025-12-19 05:36:50"}
{"level":"info","message":"GET /api/donations","service":"donation-service","timestamp":"2025-12-19 05:36:53"}
{"level":"info","message":"GET /api/donations","service":"donation-service","timestamp":"2025-12-19 05:37:07"}
{"level":"info","message":"GET /api/donations","service":"donation-service","timestamp":"2025-12-19 05:37:13"}
{"level":"info","message":"GET /api/donations","service":"donation-service","timestamp":"2025-12-19 05:37:16"}
{"level":"info","message":"GET /api/","service":"donation-service","timestamp":"2025-12-19 05:56:41"}
{"level":"info","message":"GET /","service":"donation-service","timestamp":"2025-12-19 05:56:44"}
{"level":"info","message":"GET /","service":"donation-service","timestamp":"2025-12-19 06:21:41"}
{"level":"info","message":"GET /donations","service":"donation-service","timestamp":"2025-12-19 06:21:47"}
{"level":"info","message":"GET /api/donations","service":"donation-service","timestamp":"2025-12-19 06:21:56"}
{"level":"info","message":"GET /api/donations","service":"donation-service","timestamp":"2025-12-19 06:24:33"}
{"level":"info","message":"GET /api/donations","service":"donation-service","timestamp":"2025-12-19 06:25:10"}
{"level":"info","message":"GET /api/donations","service":"donation-service","timestamp":"2025-12-19 06:25:11"}
{"level":"info","message":"GET /api/donations","service":"donation-service","timestamp":"2025-12-19 06:26:54"}
{"level":"info","message":"GET /api/donations","service":"donation-service","timestamp":"2025-12-19 06:27:50"}
{"level":"info","message":"GET /api/donations","service":"donation-service","timestamp":"2025-12-19 06:30:28"}
{"level":"info","message":"GET /api/donations","service":"donation-service","timestamp":"2025-12-19 06:31:19"}
{"level":"info","message":"GET /api/donations","service":"donation-service","timestamp":"2025-12-19 06:34:54"}
{"level":"info","message":"GET /api/donations","service":"donation-service","timestamp":"2025-12-19 06:38:35"}
{"level":"info","message":"GET /api/donations","service":"donation-service","timestamp":"2025-12-19 06:43:17"}
{"level":"info","message":"GET /api/donations","service":"donation-service","timestamp":"2025-12-19 06:46:40"}
{"level":"info","message":"POST /api/donations","service":"donation-service","timestamp":"2025-12-19 06:48:29"}
{"level":"info","message":"Donation created: 2f368e36-6ac3-4c9e-9c8c-95b1d222ef27","service":"donation-service","timestamp":"2025-12-19 06:48:29"}
{"level":"info","message":"GET /api/donations","service":"donation-service","timestamp":"2025-12-19 06:48:34"}
{"level":"info","message":"GET /api/donations","service":"donation-service","timestamp":"2025-12-19 06:51:16"}
{"level":"info","message":"POST /api/donations","service":"donation-service","timestamp":"2025-12-19 06:56:13"}
{"level":"info","message":"Donation created: c3ebcae5-66b6-49fb-80f6-5dfaa0d083da","service":"donation-service","timestamp":"2025-12-19 06:56:14"}
{"level":"info","message":"GET /api/donations","service":"donation-service","timestamp":"2025-12-19 06:56:19"}
{"level":"info","message":"GET /api/donations","service":"donation-service","timestamp":"2025-12-19 06:57:05"}
{"level":"info","message":"GET /api/donations","service":"donation-service","timestamp":"2025-12-19 06:59:08"}
{"level":"info","message":"GET /api/donations","service":"donation-service","timestamp":"2025-12-19 06:59:34"}
{"level":"info","message":"GET /api/donations","service":"donation-service","timestamp":"2025-12-19 07:08:25"}
{"level":"info","message":"GET /api/donations","service":"donation-service","timestamp":"2025-12-19 07:08:40"}
{"level":"info","message":"GET /api/donations","service":"donation-service","timestamp":"2025-12-19 07:16:08"}
{"level":"info","message":"GET /api/donations","service":"donation-service","timestamp":"2025-12-19 07:16:19"}
{"level":"info","message":"GET /api/donations","service":"donation-service","timestamp":"2025-12-19 07:17:08"}
{"level":"info","message":"GET /api/donations","service":"donation-service","timestamp":"2025-12-19 07:26:37"}
{"level":"info","message":"GET /api/donations","service":"donation-service","timestamp":"2025-12-19 07:32:09"}
{"level":"info","message":"GET /api/donations","service":"donation-service","timestamp":"2025-12-19 07:32:26"}
{"level":"info","message":"PUT /api/donations/8c6d8238-f0e9-4997-a3a8-7106738375f0","service":"donation-service","timestamp":"2025-12-19 07:32:34"}
{"level":"info","message":"Donation updated: 8c6d8238-f0e9-4997-a3a8-7106738375f0","service":"donation-service","timestamp":"2025-12-19 07:32:35"}
{"level":"info","message":"GET /api/donations","service":"donation-service","timestamp":"2025-12-19 07:32:35"}
{"level":"info","message":"PUT /api/donations/c3ebcae5-66b6-49fb-80f6-5dfaa0d083da","service":"donation-service","timestamp":"2025-12-19 07:32:38"}
{"level":"info","message":"Donation updated: c3ebcae5-66b6-49fb-80f6-5dfaa0d083da","service":"donation-service","timestamp":"2025-12-19 07:32:39"}
{"level":"info","message":"GET /api/donations","service":"donation-service","timestamp":"2025-12-19 07:32:39"}
{"level":"info","message":"GET /api/donations","service":"donation-service","timestamp":"2025-12-19 07:33:02"}
{"level":"info","message":"GET /api/donations","service":"donation-service","timestamp":"2025-12-19 07:33:13"}
{"level":"info","message":"GET /api/donations","service":"donation-service","timestamp":"2025-12-19 07:38:43"}
{"level":"info","message":"GET /api/donations","service":"donation-service","timestamp":"2025-12-19 07:38:53"}
{"level":"info","message":"GET /api/donations","service":"donation-service","timestamp":"2025-12-19 07:39:05"}
{"level":"info","message":"GET /api/donations","service":"donation-service","timestamp":"2025-12-19 07:40:35"}
{"level":"info","message":"GET /api/donations","service":"donation-service","timestamp":"2025-12-19 07:40:51"}
{"level":"info","message":"GET /api/donations","service":"donation-service","timestamp":"2025-12-19 07:41:13"}
{"level":"info","message":"GET /api/donations","service":"donation-service","timestamp":"2025-12-19 07:41:31"}
{"level":"info","message":"GET /api/donations","service":"donation-service","timestamp":"2025-12-19 07:42:12"}
{"level":"info","message":"GET /api/donations","service":"donation-service","timestamp":"2025-12-19 07:42:24"}
{"level":"info","message":"GET /api/donations","service":"donation-service","timestamp":"2025-12-19 07:42:26"}
{"level":"info","message":"GET /api/donations","service":"donation-service","timestamp":"2025-12-19 07:43:40"}
{"level":"info","message":"GET /api/donations","service":"donation-service","timestamp":"2025-12-19 07:43:50"}
{"level":"info","message":"GET /api/donations","service":"donation-service","timestamp":"2025-12-19 07:43:55"}
{"level":"info","message":"GET /api/donations","service":"donation-service","timestamp":"2025-12-19 07:47:29"}
{"level":"info","message":"GET /api/donations","service":"donation-service","timestamp":"2025-12-19 07:47:40"}
{"level":"info","message":"SIGTERM received, shutting down gracefully...","service":"donation-service","timestamp":"2025-12-19 08:23:33"}
{"level":"info","message":"🚀 Donation Service running on port 3001","service":"donation-service","timestamp":"2025-12-19 08:23:34"}
{"level":"info","message":"📝 Environment: development","service":"donation-service","timestamp":"2025-12-19 08:23:34"}
{"level":"info","message":"SIGTERM received, shutting down gracefully...","service":"donation-service","timestamp":"2025-12-19 08:23:34"}
{"level":"info","message":"SIGTERM received, shutting down gracefully...","service":"donation-service","timestamp":"2025-12-19 08:23:34"}
{"level":"info","message":"SIGTERM received, shutting down gracefully...","service":"donation-service","timestamp":"2025-12-19 08:23:40"}
{"level":"info","message":"📚 Swagger UI available at /api-docs","service":"donation-service","timestamp":"2025-12-19 08:23:41"}
{"level":"info","message":"📚 Swagger UI available at /api-docs","service":"donation-service","timestamp":"2025-12-19 08:23:41"}
{"level":"info","message":"📚 Swagger UI available at /api-docs","service":"donation-service","timestamp":"2025-12-19 08:23:41"}
{"level":"info","message":"🚀 Donation Service running on port 3001","service":"donation-service","timestamp":"2025-12-19 08:23:41"}
{"level":"info","message":"📝 Environment: development","service":"donation-service","timestamp":"2025-12-19 08:23:41"}
{"level":"info","message":"SIGTERM received, shutting down gracefully...","service":"donation-service","timestamp":"2025-12-19 08:23:41"}
{"level":"info","message":"SIGTERM received, shutting down gracefully...","service":"donation-service","timestamp":"2025-12-19 08:23:41"}
{"level":"info","message":"SIGTERM received, shutting down gracefully...","service":"donation-service","timestamp":"2025-12-19 08:23:42"}
{"level":"info","message":"📚 Swagger UI available at /api-docs","service":"donation-service","timestamp":"2025-12-19 08:23:43"}
{"level":"info","message":"📚 Swagger UI available at /api-docs","service":"donation-service","timestamp":"2025-12-19 08:23:43"}
{"level":"info","message":"📚 Swagger UI available at /api-docs","service":"donation-service","timestamp":"2025-12-19 08:23:43"}
{"level":"info","message":"🚀 Donation Service running on port 3001","service":"donation-service","timestamp":"2025-12-19 08:23:43"}
{"level":"info","message":"📝 Environment: development","service":"donation-service","timestamp":"2025-12-19 08:23:43"}
{"level":"info","message":"SIGTERM received, shutting down gracefully...","service":"donation-service","timestamp":"2025-12-19 08:23:43"}
{"level":"info","message":"SIGTERM received, shutting down gracefully...","service":"donation-service","timestamp":"2025-12-19 08:23:43"}
{"level":"info","message":"SIGTERM received, shutting down gracefully...","service":"donation-service","timestamp":"2025-12-19 08:24:21"}
{"level":"info","message":"📚 Swagger UI available at /api-docs","service":"donation-service","timestamp":"2025-12-19 08:24:22"}
{"level":"info","message":"📚 Swagger UI available at /api-docs","service":"donation-service","timestamp":"2025-12-19 08:24:22"}
{"level":"info","message":"📚 Swagger UI available at /api-docs","service":"donation-service","timestamp":"2025-12-19 08:24:22"}
{"level":"info","message":"🚀 Donation Service running on port 3001","service":"donation-service","timestamp":"2025-12-19 08:24:22"}
{"level":"info","message":"📝 Environment: development","service":"donation-service","timestamp":"2025-12-19 08:24:22"}
{"level":"info","message":"SIGTERM received, shutting down gracefully...","service":"donation-service","timestamp":"2025-12-19 08:24:22"}
{"level":"info","message":"SIGTERM received, shutting down gracefully...","service":"donation-service","timestamp":"2025-12-19 08:24:22"}
{"level":"info","message":"SIGTERM received, shutting down gracefully...","service":"donation-service","timestamp":"2025-12-19 08:24:57"}
{"level":"info","message":"📚 Swagger UI available at /api-docs","service":"donation-service","timestamp":"2025-12-19 08:24:57"}
{"level":"info","message":"📚 Swagger UI available at /api-docs","service":"donation-service","timestamp":"2025-12-19 08:24:57"}
{"level":"info","message":"📚 Swagger UI available at /api-docs","service":"donation-service","timestamp":"2025-12-19 08:24:57"}
{"level":"info","message":"🚀 Donation Service running on port 3001","service":"donation-service","timestamp":"2025-12-19 08:24:57"}
{"level":"info","message":"📝 Environment: development","service":"donation-service","timestamp":"2025-12-19 08:24:57"}
{"level":"info","message":"SIGTERM received, shutting down gracefully...","service":"donation-service","timestamp":"2025-12-19 08:24:57"}
{"level":"info","message":"SIGTERM received, shutting down gracefully...","service":"donation-service","timestamp":"2025-12-19 08:24:57"}
{"level":"info","message":"SIGTERM received, shutting down gracefully...","service":"donation-service","timestamp":"2025-12-19 08:25:18"}
{"level":"info","message":"📄 Attempting to load Swagger from: /Users/temesgengetye/Desktop/Doantion/microservices/donation-service/swagger.yaml","service":"donation-service","timestamp":"2025-12-19 08:41:20"}
{"level":"info","message":"📚 Swagger UI available at /api-docs","service":"donation-service","timestamp":"2025-12-19 08:41:20"}
{"level":"info","message":"✅ Swagger file loaded successfully from: /Users/temesgengetye/Desktop/Doantion/microservices/donation-service/swagger.yaml","service":"donation-service","timestamp":"2025-12-19 08:41:20"}
{"level":"info","message":"📄 Attempting to load Swagger from: /Users/temesgengetye/Desktop/Doantion/microservices/donation-service/swagger.yaml","service":"donation-service","timestamp":"2025-12-19 08:41:20"}
{"level":"info","message":"📚 Swagger UI available at /api-docs","service":"donation-service","timestamp":"2025-12-19 08:41:20"}
{"level":"info","message":"✅ Swagger file loaded successfully from: /Users/temesgengetye/Desktop/Doantion/microservices/donation-service/swagger.yaml","service":"donation-service","timestamp":"2025-12-19 08:41:20"}
{"level":"info","message":"📄 Attempting to load Swagger from: /Users/temesgengetye/Desktop/Doantion/microservices/donation-service/swagger.yaml","service":"donation-service","timestamp":"2025-12-19 08:41:20"}
{"level":"info","message":"📚 Swagger UI available at /api-docs","service":"donation-service","timestamp":"2025-12-19 08:41:20"}
{"level":"info","message":"✅ Swagger file loaded successfully from: /Users/temesgengetye/Desktop/Doantion/microservices/donation-service/swagger.yaml","service":"donation-service","timestamp":"2025-12-19 08:41:20"}
{"level":"info","message":"🚀 Donation Service running on port 3001","service":"donation-service","timestamp":"2025-12-19 08:41:21"}
{"level":"info","message":"📝 Environment: development","service":"donation-service","timestamp":"2025-12-19 08:41:21"}
{"level":"info","message":"SIGTERM received, shutting down gracefully...","service":"donation-service","timestamp":"2025-12-19 08:41:21"}
{"level":"info","message":"SIGTERM received, shutting down gracefully...","service":"donation-service","timestamp":"2025-12-19 08:41:21"}
{"level":"info","message":"GET /health","service":"donation-service","timestamp":"2025-12-19 08:41:28"}
{"level":"info","message":"GET /api-docs","service":"donation-service","timestamp":"2025-12-19 08:41:34"}
{"level":"info","message":"GET /api-docs/","service":"donation-service","timestamp":"2025-12-19 08:41:34"}
{"level":"info","message":"GET /api-docs/swagger-ui.css","service":"donation-service","timestamp":"2025-12-19 08:41:34"}
{"level":"info","message":"GET /api-docs/swagger-ui-bundle.js","service":"donation-service","timestamp":"2025-12-19 08:41:34"}
{"level":"info","message":"GET /api-docs/swagger-ui-standalone-preset.js","service":"donation-service","timestamp":"2025-12-19 08:41:34"}
{"level":"info","message":"GET /api-docs/swagger-ui-init.js","service":"donation-service","timestamp":"2025-12-19 08:41:34"}
{"level":"info","message":"GET /api-docs/favicon-32x32.png","service":"donation-service","timestamp":"2025-12-19 08:41:34"}
{"level":"info","message":"SIGTERM received, shutting down gracefully...","service":"donation-service","timestamp":"2025-12-19 08:41:35"}
{"level":"info","message":"📄 Attempting to load Swagger from: /Users/temesgengetye/Desktop/Doantion/microservices/donation-service/swagger.yaml","service":"donation-service","timestamp":"2025-12-19 08:42:58"}
{"level":"info","message":"📄 Attempting to load Swagger from: /Users/temesgengetye/Desktop/Doantion/microservices/donation-service/swagger.yaml","service":"donation-service","timestamp":"2025-12-19 08:42:58"}
{"level":"info","message":"📚 Swagger UI available at /api-docs","service":"donation-service","timestamp":"2025-12-19 08:42:58"}
{"level":"info","message":"✅ Swagger file loaded successfully from: /Users/temesgengetye/Desktop/Doantion/microservices/donation-service/swagger.yaml","service":"donation-service","timestamp":"2025-12-19 08:42:58"}
{"level":"info","message":"📚 Swagger UI available at /api-docs","service":"donation-service","timestamp":"2025-12-19 08:42:58"}
{"level":"info","message":"✅ Swagger file loaded successfully from: /Users/temesgengetye/Desktop/Doantion/microservices/donation-service/swagger.yaml","service":"donation-service","timestamp":"2025-12-19 08:42:58"}
{"level":"info","message":"📄 Attempting to load Swagger from: /Users/temesgengetye/Desktop/Doantion/microservices/donation-service/swagger.yaml","service":"donation-service","timestamp":"2025-12-19 08:42:58"}
{"level":"info","message":"📚 Swagger UI available at /api-docs","service":"donation-service","timestamp":"2025-12-19 08:42:58"}
{"level":"info","message":"✅ Swagger file loaded successfully from: /Users/temesgengetye/Desktop/Doantion/microservices/donation-service/swagger.yaml","service":"donation-service","timestamp":"2025-12-19 08:42:59"}
{"level":"info","message":"🚀 Donation Service running on port 3001","service":"donation-service","timestamp":"2025-12-19 08:42:59"}
{"level":"info","message":"📝 Environment: development","service":"donation-service","timestamp":"2025-12-19 08:42:59"}
{"level":"info","message":"SIGTERM received, shutting down gracefully...","service":"donation-service","timestamp":"2025-12-19 08:42:59"}
{"level":"info","message":"SIGTERM received, shutting down gracefully...","service":"donation-service","timestamp":"2025-12-19 08:42:59"}
{"level":"info","message":"SIGTERM received, shutting down gracefully...","service":"donation-service","timestamp":"2025-12-19 08:43:14"}
{"level":"info","message":"📄 Attempting to load Swagger from: /Users/temesgengetye/Desktop/Doantion/microservices/donation-service/swagger.yaml","service":"donation-service","timestamp":"2025-12-19 08:47:23"}
{"level":"info","message":"📄 Attempting to load Swagger from: /Users/temesgengetye/Desktop/Doantion/microservices/donation-service/swagger.yaml","service":"donation-service","timestamp":"2025-12-19 08:47:23"}
{"level":"info","message":"📚 Swagger UI available at /api-docs","service":"donation-service","timestamp":"2025-12-19 08:47:23"}
{"level":"info","message":"✅ Swagger file loaded successfully from: /Users/temesgengetye/Desktop/Doantion/microservices/donation-service/swagger.yaml","service":"donation-service","timestamp":"2025-12-19 08:47:23"}
{"level":"info","message":"📚 Swagger UI available at /api-docs","service":"donation-service","timestamp":"2025-12-19 08:47:23"}
{"level":"info","message":"✅ Swagger file loaded successfully from: /Users/temesgengetye/Desktop/Doantion/microservices/donation-service/swagger.yaml","service":"donation-service","timestamp":"2025-12-19 08:47:23"}
{"level":"info","message":"SIGTERM received, shutting down gracefully...","service":"donation-service","timestamp":"2025-12-19 08:47:23"}
{"level":"info","message":"SIGTERM received, shutting down gracefully...","service":"donation-service","timestamp":"2025-12-19 08:47:23"}
{"level":"info","message":"📄 Attempting to load Swagger from: /Users/temesgengetye/Desktop/Doantion/microservices/donation-service/swagger.yaml","service":"donation-service","timestamp":"2025-12-19 08:47:23"}
{"level":"info","message":"📚 Swagger UI available at /api-docs","service":"donation-service","timestamp":"2025-12-19 08:47:23"}
{"level":"info","message":"✅ Swagger file loaded successfully from: /Users/temesgengetye/Desktop/Doantion/microservices/donation-service/swagger.yaml","service":"donation-service","timestamp":"2025-12-19 08:47:23"}
{"level":"info","message":"🚀 Donation Service running on port 3001","service":"donation-service","timestamp":"2025-12-19 08:47:23"}
{"level":"info","message":"📝 Environment: development","service":"donation-service","timestamp":"2025-12-19 08:47:23"}
{"level":"info","message":"SIGTERM received, shutting down gracefully...","service":"donation-service","timestamp":"2025-12-19 08:47:43"}
{"level":"info","message":"📄 Attempting to load Swagger from: /Users/temesgengetye/Desktop/Doantion/microservices/donation-service/swagger.yaml","service":"donation-service","timestamp":"2025-12-19 08:50:00"}
{"level":"info","message":"📚 Swagger UI available at /api-docs","service":"donation-service","timestamp":"2025-12-19 08:50:00"}
{"level":"info","message":"✅ Swagger file loaded successfully from: /Users/temesgengetye/Desktop/Doantion/microservices/donation-service/swagger.yaml","service":"donation-service","timestamp":"2025-12-19 08:50:00"}
{"level":"info","message":"🚀 Donation Service running on port 3001","service":"donation-service","timestamp":"2025-12-19 08:50:00"}
{"level":"info","message":"📝 Environment: development","service":"donation-service","timestamp":"2025-12-19 08:50:00"}
{"level":"info","message":"GET /api-docs/","service":"donation-service","timestamp":"2025-12-19 08:50:06"}
{"level":"info","message":"GET /api-docs/swagger-ui.css","service":"donation-service","timestamp":"2025-12-19 08:50:07"}
{"level":"info","message":"GET /api-docs/swagger-ui-bundle.js","service":"donation-service","timestamp":"2025-12-19 08:50:07"}
{"level":"info","message":"GET /api-docs/swagger-ui-init.js","service":"donation-service","timestamp":"2025-12-19 08:50:07"}
{"level":"info","message":"GET /api-docs/swagger-ui-standalone-preset.js","service":"donation-service","timestamp":"2025-12-19 08:50:07"}
{"level":"info","message":"GET /api-docs/favicon-32x32.png","service":"donation-service","timestamp":"2025-12-19 08:50:08"}
{"level":"info","message":"SIGTERM received, shutting down gracefully...","service":"donation-service","timestamp":"2025-12-19 08:50:12"}
{"level":"info","message":"📄 Attempting to load Swagger from: /Users/temesgengetye/Desktop/Doantion/microservices/donation-service/swagger.yaml","service":"donation-service","timestamp":"2025-12-19 08:50:12"}
{"level":"info","message":"📚 Swagger UI available at /api-docs","service":"donation-service","timestamp":"2025-12-19 08:50:12"}
{"level":"info","message":"✅ Swagger file loaded successfully from: /Users/temesgengetye/Desktop/Doantion/microservices/donation-service/swagger.yaml","service":"donation-service","timestamp":"2025-12-19 08:50:12"}
{"level":"info","message":"🚀 Donation Service running on port 3001","service":"donation-service","timestamp":"2025-12-19 08:50:12"}
{"level":"info","message":"📝 Environment: development","service":"donation-service","timestamp":"2025-12-19 08:50:12"}
{"level":"info","message":"SIGTERM received, shutting down gracefully...","service":"donation-service","timestamp":"2025-12-19 22:42:28"}
{"level":"info","message":"📄 Attempting to load Swagger from: /Users/temesgengetye/Desktop/Doantion/microservices/donation-service/swagger.yaml","service":"donation-service","timestamp":"2025-12-19 22:42:29"}
{"level":"info","message":"📚 Swagger UI available at /api-docs","service":"donation-service","timestamp":"2025-12-19 22:42:29"}
{"level":"info","message":"✅ Swagger file loaded successfully from: /Users/temesgengetye/Desktop/Doantion/microservices/donation-service/swagger.yaml","service":"donation-service","timestamp":"2025-12-19 22:42:29"}
{"level":"info","message":"🚀 Donation Service running on port 3001","service":"donation-service","timestamp":"2025-12-19 22:42:29"}
{"level":"info","message":"📝 Environment: development","service":"donation-service","timestamp":"2025-12-19 22:42:29"}
{"level":"info","message":"SIGTERM received, shutting down gracefully...","service":"donation-service","timestamp":"2025-12-19 22:42:31"}
{"level":"info","message":"📄 Attempting to load Swagger from: /Users/temesgengetye/Desktop/Doantion/microservices/donation-service/swagger.yaml","service":"donation-service","timestamp":"2025-12-19 22:42:32"}
{"level":"info","message":"📚 Swagger UI available at /api-docs","service":"donation-service","timestamp":"2025-12-19 22:42:32"}
{"level":"info","message":"✅ Swagger file loaded successfully from: /Users/temesgengetye/Desktop/Doantion/microservices/donation-service/swagger.yaml","service":"donation-service","timestamp":"2025-12-19 22:42:32"}
{"level":"info","message":"🚀 Donation Service running on port 3001","service":"donation-service","timestamp":"2025-12-19 22:42:32"}
{"level":"info","message":"📝 Environment: development","service":"donation-service","timestamp":"2025-12-19 22:42:32"}
{"level":"info","message":"SIGTERM received, shutting down gracefully...","service":"donation-service","timestamp":"2025-12-19 22:42:44"}
{"level":"info","message":"📄 Attempting to load Swagger from: /Users/temesgengetye/Desktop/Doantion/microservices/donation-service/swagger.yaml","service":"donation-service","timestamp":"2025-12-19 22:42:47"}
{"level":"info","message":"📚 Swagger UI available at /api-docs","service":"donation-service","timestamp":"2025-12-19 22:42:47"}
{"level":"info","message":"✅ Swagger file loaded successfully from: /Users/temesgengetye/Desktop/Doantion/microservices/donation-service/swagger.yaml","service":"donation-service","timestamp":"2025-12-19 22:42:47"}
{"level":"info","message":"🚀 Donation Service running on port 3001","service":"donation-service","timestamp":"2025-12-19 22:42:47"}
{"level":"info","message":"📝 Environment: development","service":"donation-service","timestamp":"2025-12-19 22:42:47"}
{"level":"info","message":"SIGTERM received, shutting down gracefully...","service":"donation-service","timestamp":"2025-12-19 22:44:51"}
{"level":"info","message":"📄 Attempting to load Swagger from: /Users/temesgengetye/Desktop/Doantion/microservices/donation-service/swagger.yaml","service":"donation-service","timestamp":"2025-12-19 22:44:52"}
{"level":"info","message":"📚 Swagger UI available at /api-docs","service":"donation-service","timestamp":"2025-12-19 22:44:52"}
{"level":"info","message":"✅ Swagger file loaded successfully from: /Users/temesgengetye/Desktop/Doantion/microservices/donation-service/swagger.yaml","service":"donation-service","timestamp":"2025-12-19 22:44:52"}
{"level":"info","message":"🚀 Donation Service running on port 3001","service":"donation-service","timestamp":"2025-12-19 22:44:52"}
{"level":"info","message":"📝 Environment: development","service":"donation-service","timestamp":"2025-12-19 22:44:52"}
{"level":"info","message":"SIGTERM received, shutting down gracefully...","service":"donation-service","timestamp":"2025-12-19 22:48:40"}
{"level":"info","message":"📄 Attempting to load Swagger from: /Users/temesgengetye/Desktop/Doantion/microservices/donation-service/swagger.yaml","service":"donation-service","timestamp":"2025-12-19 22:48:41"}
{"level":"info","message":"📚 Swagger UI available at /api-docs","service":"donation-service","timestamp":"2025-12-19 22:48:41"}
{"level":"info","message":"✅ Swagger file loaded successfully from: /Users/temesgengetye/Desktop/Doantion/microservices/donation-service/swagger.yaml","service":"donation-service","timestamp":"2025-12-19 22:48:41"}
{"level":"info","message":"🚀 Donation Service running on port 3001","service":"donation-service","timestamp":"2025-12-19 22:48:41"}
{"level":"info","message":"📝 Environment: development","service":"donation-service","timestamp":"2025-12-19 22:48:41"}
{"level":"info","message":"SIGTERM received, shutting down gracefully...","service":"donation-service","timestamp":"2025-12-19 22:49:26"}
{"level":"info","message":"📄 Attempting to load Swagger from: /Users/temesgengetye/Desktop/Doantion/microservices/donation-service/swagger.yaml","service":"donation-service","timestamp":"2025-12-19 22:49:29"}
{"level":"info","message":"📚 Swagger UI available at /api-docs","service":"donation-service","timestamp":"2025-12-19 22:49:29"}
{"level":"info","message":"✅ Swagger file loaded successfully from: /Users/temesgengetye/Desktop/Doantion/microservices/donation-service/swagger.yaml","service":"donation-service","timestamp":"2025-12-19 22:49:29"}
{"level":"info","message":"🚀 Donation Service running on port 3001","service":"donation-service","timestamp":"2025-12-19 22:49:29"}
{"level":"info","message":"📝 Environment: development","service":"donation-service","timestamp":"2025-12-19 22:49:29"}
{"level":"info","message":"SIGTERM received, shutting down gracefully...","service":"donation-service","timestamp":"2025-12-19 22:57:06"}
{"level":"info","message":"📄 Attempting to load Swagger from: /Users/temesgengetye/Desktop/Doantion/microservices/donation-service/swagger.yaml","service":"donation-service","timestamp":"2025-12-19 22:57:13"}
{"level":"info","message":"📚 Swagger UI available at /api-docs","service":"donation-service","timestamp":"2025-12-19 22:57:13"}
{"level":"info","message":"✅ Swagger file loaded successfully from: /Users/temesgengetye/Desktop/Doantion/microservices/donation-service/swagger.yaml","service":"donation-service","timestamp":"2025-12-19 22:57:13"}
{"level":"info","message":"🚀 Donation Service running on port 3001","service":"donation-service","timestamp":"2025-12-19 22:57:14"}
{"level":"info","message":"📝 Environment: development","service":"donation-service","timestamp":"2025-12-19 22:57:14"}
{"level":"info","message":"SIGTERM received, shutting down gracefully...","service":"donation-service","timestamp":"2025-12-19 22:57:31"}
{"level":"info","message":"📄 Attempting to load Swagger from: /Users/temesgengetye/Desktop/Doantion/microservices/donation-service/swagger.yaml","service":"donation-service","timestamp":"2025-12-19 22:57:38"}
{"level":"info","message":"📚 Swagger UI available at /api-docs","service":"donation-service","timestamp":"2025-12-19 22:57:38"}
{"level":"info","message":"✅ Swagger file loaded successfully from: /Users/temesgengetye/Desktop/Doantion/microservices/donation-service/swagger.yaml","service":"donation-service","timestamp":"2025-12-19 22:57:38"}
{"level":"info","message":"🚀 Donation Service running on port 3001","service":"donation-service","timestamp":"2025-12-19 22:57:38"}
{"level":"info","message":"📝 Environment: development","service":"donation-service","timestamp":"2025-12-19 22:57:38"}
{"level":"info","message":"GET /api/donations","service":"donation-service","timestamp":"2025-12-19 22:57:43"}
{"level":"info","message":"POST /api/donations","service":"donation-service","timestamp":"2025-12-19 22:58:36"}
{"level":"info","message":"Donation created: 9b65ce4b-2237-4157-af0c-3016aa87999a","service":"donation-service","timestamp":"2025-12-19 22:58:38"}
{"level":"info","message":"GET /api/donations","service":"donation-service","timestamp":"2025-12-19 22:58:41"}
{"level":"info","message":"SIGTERM received, shutting down gracefully...","service":"donation-service","timestamp":"2025-12-19 22:59:55"}
{"level":"info","message":"📄 Attempting to load Swagger from: /Users/temesgengetye/Desktop/Doantion/microservices/donation-service/swagger.yaml","service":"donation-service","timestamp":"2025-12-19 22:59:59"}
{"level":"info","message":"📚 Swagger UI available at /api-docs","service":"donation-service","timestamp":"2025-12-19 23:00:00"}
{"level":"info","message":"✅ Swagger file loaded successfully from: /Users/temesgengetye/Desktop/Doantion/microservices/donation-service/swagger.yaml","service":"donation-service","timestamp":"2025-12-19 23:00:00"}
{"level":"info","message":"🚀 Donation Service running on port 3001","service":"donation-service","timestamp":"2025-12-19 23:00:00"}
{"level":"info","message":"📝 Environment: development","service":"donation-service","timestamp":"2025-12-19 23:00:00"}
{"level":"info","message":"GET /api-docs","service":"donation-service","timestamp":"2025-12-20 11:52:32"}
{"level":"info","message":"GET /api-docs/","service":"donation-service","timestamp":"2025-12-20 11:52:33"}
{"level":"info","message":"GET /api-docs/swagger-ui.css","service":"donation-service","timestamp":"2025-12-20 11:52:33"}
{"level":"info","message":"GET /api-docs/swagger-ui-bundle.js","service":"donation-service","timestamp":"2025-12-20 11:52:33"}
{"level":"info","message":"GET /api-docs/swagger-ui-standalone-preset.js","service":"donation-service","timestamp":"2025-12-20 11:52:33"}
{"level":"info","message":"GET /api-docs/swagger-ui-init.js","service":"donation-service","timestamp":"2025-12-20 11:52:33"}
{"level":"info","message":"GET /api-docs/favicon-32x32.png","service":"donation-service","timestamp":"2025-12-20 11:52:33"}
{"level":"info","message":"GET /","service":"donation-service","timestamp":"2025-12-20 11:53:45"}
{"level":"info","message":"GET /api/donations","service":"donation-service","timestamp":"2025-12-20 12:05:34"}
{"level":"info","message":"POST /api/donations","service":"donation-service","timestamp":"2025-12-20 12:06:35"}
{"level":"info","message":"Donation created: 67146acb-6576-4d01-9e85-abfe2dbe8f65","service":"donation-service","timestamp":"2025-12-20 12:06:36"}
{"level":"info","message":"GET /api/donations","service":"donation-service","timestamp":"2025-12-20 12:06:39"}
{"level":"info","message":"GET /api/donations","service":"donation-service","timestamp":"2025-12-20 12:07:19"}
{"level":"info","message":"GET /api/donations","service":"donation-service","timestamp":"2025-12-20 12:08:59"}
{"level":"info","message":"GET /api/donations","service":"donation-service","timestamp":"2025-12-20 12:09:18"}
{"level":"info","message":"GET /api/donations","service":"donation-service","timestamp":"2025-12-20 12:09:24"}
{"level":"info","message":"PUT /api/donations/67146acb-6576-4d01-9e85-abfe2dbe8f65","service":"donation-service","timestamp":"2025-12-20 12:09:36"}
{"level":"info","message":"PUT /api/donations/9b65ce4b-2237-4157-af0c-3016aa87999a","service":"donation-service","timestamp":"2025-12-20 12:09:37"}
{"level":"info","message":"Donation updated: 67146acb-6576-4d01-9e85-abfe2dbe8f65","service":"donation-service","timestamp":"2025-12-20 12:09:37"}
{"level":"info","message":"GET /api/donations","service":"donation-service","timestamp":"2025-12-20 12:09:37"}
{"level":"info","message":"Donation updated: 9b65ce4b-2237-4157-af0c-3016aa87999a","service":"donation-service","timestamp":"2025-12-20 12:09:38"}
{"level":"info","message":"GET /api/donations","service":"donation-service","timestamp":"2025-12-20 12:09:38"}
{"level":"info","message":"PUT /api/donations/9b65ce4b-2237-4157-af0c-3016aa87999a","service":"donation-service","timestamp":"2025-12-20 12:09:40"}
{"level":"info","message":"Donation updated: 9b65ce4b-2237-4157-af0c-3016aa87999a","service":"donation-service","timestamp":"2025-12-20 12:09:40"}
{"level":"info","message":"GET /api/donations","service":"donation-service","timestamp":"2025-12-20 12:09:41"}
{"level":"info","message":"GET /api/donations","service":"donation-service","timestamp":"2025-12-20 12:10:28"}
{"level":"info","message":"GET /api/donations","service":"donation-service","timestamp":"2025-12-20 12:10:40"}
{"level":"info","message":"GET /api/donations","service":"donation-service","timestamp":"2025-12-20 12:12:03"}
{"level":"info","message":"GET /api/donations","service":"donation-service","timestamp":"2025-12-20 12:12:28"}
{"level":"info","message":"GET /api/donations","service":"donation-service","timestamp":"2025-12-20 12:12:33"}
{"level":"info","message":"GET /api/donations","service":"donation-service","timestamp":"2025-12-20 12:13:11"}
{"level":"info","message":"GET /api/donations","service":"donation-service","timestamp":"2025-12-20 12:14:12"}
{"level":"info","message":"GET /api/donations","service":"donation-service","timestamp":"2025-12-20 12:16:18"}
{"level":"info","message":"GET /api-docs/","service":"donation-service","timestamp":"2025-12-20 12:17:18"}
{"level":"info","message":"GET /api-docs/swagger-ui.css","service":"donation-service","timestamp":"2025-12-20 12:17:18"}
{"level":"info","message":"GET /api-docs/swagger-ui-bundle.js","service":"donation-service","timestamp":"2025-12-20 12:17:18"}
{"level":"info","message":"GET /api-docs/swagger-ui-standalone-preset.js","service":"donation-service","timestamp":"2025-12-20 12:17:18"}
{"level":"info","message":"GET /api-docs/swagger-ui-init.js","service":"donation-service","timestamp":"2025-12-20 12:17:18"}
{"level":"info","message":"GET /health","service":"donation-service","timestamp":"2025-12-20 12:18:12"}
{"level":"info","message":"GET /api/donations","service":"donation-service","timestamp":"2025-12-20 12:27:22"}
{"level":"info","message":"GET /api/donations","service":"donation-service","timestamp":"2025-12-20 12:29:15"}
{"level":"info","message":"GET /api/donations","service":"donation-service","timestamp":"2025-12-20 12:29:52"}
{"level":"info","message":"GET /api/donations","service":"donation-service","timestamp":"2025-12-20 12:29:54"}
